********************************************************************************
PACKAGE-LOG: 2015-12-08 19:50:10
NOTICE: Do NOT post to public sites or forums 
********************************************************************************
VERSION:	0.5.32
WORDPRESS:	4.3.1
PHP INFO:	5.5.8 | SAPI: apache2handler
SERVER:		Apache/2.4.7 (Win32) PHP/5.5.8 
PHP TIME LIMIT: (0) no time limit imposed 
PHP MAX MEMORY: 5000M (128M default) 
MEMORY STACK: 23.5MB 

********************************************************************************
DATABASE:
********************************************************************************
BUILD MODE:   PHP(query limit - 100)
MYSQLTIMEOUT: 5000
MYSQLDUMP:    Not Supported 
TABLES: total:12 | filtered:0 | create:12 
FILTERED: [] 
SQL CREATED: 20151208_techniquesdintegrationmutlime_566733b5b7bf56381151208194701_database.sql 
file size:447538 
SQL FILE SIZE: 437.05KB 
SQL FILE TIME: 2015-12-08 19:50:10 
SQL RUNTIME: 0.25 sec. 

******************************************************************************** 
ARCHIVE (ZIP): 
******************************************************************************** 
ARCHIVE DIR:  C:/Program Files (x86)/EasyPHP-DevServer-14.1VC11/data/localweb/projects/dectim 
ARCHIVE FILE: 20151208_techniquesdintegrationmutlime_566733b5b7bf56381151208194701_archive.zip 
FILTERS: *OFF* 
DIRS:  not set 
EXTS:  not set 
---------------------------------------- 
COMPRESSING 
SIZE:	44.12MB 
STATS:	Dirs 360 | Files 2,841 
SQL ADDED: 20151208_techniquesdintegrationmutlime_566733b5b7bf56381151208194701_database.sql 
ZipArchive Object
(
    [status] => 0
    [statusSys] => 0
    [numFiles] => 3201
    [filename] => C:\Program Files (x86)\EasyPHP-DevServer-14.1VC11\data\localweb\projects\dectim\wp-snapshots\tmp\20151208_techniquesdintegrationmutlime_566733b5b7bf56381151208194701_archive.zip
    [comment] => 
)
 
COMPRESSION RESULT: '1' 
COMPRESSED SIZE: 21.76MB 
ARCHIVE RUNTIME: 5.35 sec. 
MEMORY STACK: 25MB 

******************************************************************************** 
MAKE INSTALLER: 
******************************************************************************** 
Build Start 
Build Finished 
Preping for use 
Template parsed with new data 
Complete [C:/Program Files (x86)/EasyPHP-DevServer-14.1VC11/data/localweb/projects/dectim/wp-snapshots/tmp/20151208_techniquesdintegrationmutlime_566733b5b7bf56381151208194701_installer.php] 
Added to archive 

******************************************************************************** 
INTEGRITY CHECKS: 
******************************************************************************** 
SQL File: 437.05KB 
Installer File: 318.34KB 
Archive File: 21.76MB  

********************************************************************************
RECORD ID:[1]
TOTAL PROCESS RUNTIME: 5.97 sec.
PEAK PHP MEMORY USED: 27.5MB
DONE PROCESSING => 20151208_techniquesdintegrationmutlime 2015-12-08 19:50:16
 
